"../../../Engine/Content/Functions/Engine_MaterialFunctions01/Opacity/CameraDepthFade.uasset" 0
"../../../Engine/Content/EngineMaterials/T_Default_Material_Grid_M.uasset" 1
"../../../Engine/Content/EngineMaterials/T_Default_Material_Grid_N.uasset" 2
"../../../Engine/Content/EngineMaterials/DefaultMaterial.uasset" 3
"../../../Engine/Content/BasicShapes/Cone.uasset" 4
"../../../Engine/Content/EngineMaterials/WorldGridMaterial.uasset" 5
"../../../Engine/Content/BasicShapes/Cube.uasset" 6
"../../../Engine/Content/BasicShapes/Cylinder.uasset" 7
"../../../Engine/Content/BasicShapes/Plane.uasset" 8
"../../../Engine/Content/BasicShapes/Sphere.uasset" 9
"../../../Engine/Content/EditorLandscapeResources/DataLayer.uasset" 10
"../../../Engine/Content/EditorMaterials/GizmoMaterial.uasset" 11
"../../../Engine/Content/EditorMaterials/MAT_Groups_Toggle.uasset" 12
"../../../Engine/Content/EditorMaterials/MAT_Groups_Visibility.uasset" 13
"../../../Engine/Content/EditorMaterials/PreviewShadowIndicator.uasset" 14
"../../../Engine/Content/EditorMaterials/PreviewShadowIndicatorMaterial.uasset" 15
"../../../Engine/Content/EditorMaterials/MatineeGroups/MAT_ColorTrack.uasset" 16
"../../../Engine/Content/EditorMaterials/MatineeGroups/MAT_Groups_Anim.uasset" 17
"../../../Engine/Content/EditorMaterials/MatineeGroups/MAT_Groups_AudioMaster.uasset" 18
"../../../Engine/Content/EditorMaterials/MatineeGroups/MAT_Groups_Director.uasset" 19
"../../../Engine/Content/EditorMaterials/MatineeGroups/MAT_Groups_Event.uasset" 20
"../../../Engine/Content/EditorMaterials/MatineeGroups/MAT_Groups_Fade.uasset" 21
"../../../Engine/Content/EditorMaterials/MatineeGroups/MAT_Groups_Float.uasset" 22
"../../../Engine/Content/EditorMaterials/MatineeGroups/MAT_Groups_Move.uasset" 23
"../../../Engine/Content/EditorMaterials/MatineeGroups/MAT_Groups_Slomo.uasset" 24
"../../../Engine/Content/EditorMaterials/MatineeGroups/MAT_Groups_Sound.uasset" 25
"../../../Engine/Content/EditorMaterials/MatineeGroups/MAT_Groups_Vector.uasset" 26
"../../../Engine/Content/EditorMaterials/ParticleSystems/PSysThumbnail_NoImage.uasset" 27
"../../../Engine/Content/EditorMaterials/ParticleSystems/PSysThumbnail_OOD.uasset" 28
"../../../Engine/Content/EditorMaterials/Camera/CineMat.uasset" 29
"../../../Engine/Content/EditorMaterials/Camera/MI_CineMat_Rig.uasset" 30
"../../../Engine/Content/EditorMeshes/Camera/SM_CraneRig_Arm.uasset" 31
"../../../Engine/Content/EditorMeshes/Camera/SM_CraneRig_Base.uasset" 32
"../../../Engine/Content/EditorMeshes/Camera/SM_CraneRig_Body.uasset" 33
"../../../Engine/Content/EditorMeshes/Camera/SM_CraneRig_Mount.uasset" 34
"../../../Engine/Content/EditorMeshes/Camera/SM_RailRig_Mount.uasset" 35
"../../../Engine/Content/EditorMeshes/Camera/SM_RailRig_Track.uasset" 36
"../../../Engine/Content/EditorMeshes/ColorCalibrator/M_ChromeBall.uasset" 37
"../../../Engine/Content/EditorMeshes/ColorCalibrator/M_ClearCoat.uasset" 38
"../../../Engine/Content/EditorMeshes/ColorCalibrator/M_ClearCoatBlack.uasset" 39
"../../../Engine/Content/EditorMeshes/ColorCalibrator/Color_checker.uasset" 40
"../../../Engine/Content/EditorMeshes/ColorCalibrator/M_ColorGrid.uasset" 41
"../../../Engine/Content/EditorMeshes/ColorCalibrator/M_GreyBall.uasset" 42
"../../../Engine/Content/EditorMeshes/ColorCalibrator/SM_ColorCalibrator.uasset" 43
"../../../Engine/Content/EditorResources/BSPVertex.uasset" 44
"../../../Engine/Content/EditorResources/EmptyActor.uasset" 45
"../../../Engine/Content/EditorResources/S_Actor.uasset" 46
"../../../Engine/Content/EditorResources/S_ForceFeedbackComponent_AutoActivate.uasset" 47
"../../../Engine/Content/EditorResources/S_Trigger.uasset" 48
"../../../Engine/Content/EditorResources/AudioIcons/S_AudioComponent_AutoActivate.uasset" 49
"../../../Engine/Content/EditorResources/LightIcons/S_LightError.uasset" 50
"../../../Engine/Content/EditorResources/SequenceRecorder/Countdown.uasset" 51
"../../../Engine/Content/EditorResources/SequenceRecorder/RecordingIndicator.uasset" 52
"../../../Engine/Content/EditorSounds/Notifications/CompileFailed.uasset" 53
"../../../Engine/Content/EditorSounds/Notifications/CompileFailed_Cue.uasset" 54
"../../../Engine/Content/EditorSounds/Notifications/CompileSuccess.uasset" 55
"../../../Engine/Content/EditorSounds/Notifications/CompileStart_Cue.uasset" 56
"../../../Engine/Content/EditorSounds/Notifications/CompileSuccess_Cue.uasset" 57
"../../../Engine/Content/EngineDamageTypes/DmgTypeBP_Environmental.uasset" 58
"../../../Engine/Content/EngineDebugMaterials/HeatmapGradient.uasset" 59
"../../../Engine/Content/EngineDebugMaterials/BoneWeightMaterial.uasset" 60
"../../../Engine/Content/EngineDebugMaterials/ClothMaterial.uasset" 61
"../../../Engine/Content/EngineDebugMaterials/ClothMaterial_WF.uasset" 62
"../../../Engine/Content/EngineDebugMaterials/DebugEditorMaterial.uasset" 63
"../../../Engine/Content/EngineDebugMaterials/DebugMeshMaterial.uasset" 64
"../../../Engine/Content/EngineDebugMaterials/GeomMaterial.uasset" 65
"../../../Engine/Content/EngineFonts/Faces/RobotoBold.uasset" 66
"../../../Engine/Content/EngineFonts/Faces/RobotoBoldItalic.uasset" 67
"../../../Engine/Content/EngineFonts/Faces/RobotoItalic.uasset" 68
"../../../Engine/Content/EngineFonts/Faces/RobotoLight.uasset" 69
"../../../Engine/Content/EngineFonts/Faces/RobotoRegular.uasset" 70
"../../../Engine/Content/EngineFonts/Roboto.uasset" 71
"../../../Engine/Content/EngineFonts/Faces/RobotoTiny.uasset" 72
"../../../Engine/Content/EngineFonts/RobotoTiny.uasset" 73
"../../../Engine/Content/EngineMaterials/DefaultBloomKernel.uasset" 74
"../../../Engine/Content/EngineMaterials/DefaultBokeh.uasset" 75
"../../../Engine/Content/EngineMaterials/DefaultDiffuse.uasset" 76
"../../../Engine/Content/EngineMaterials/DefaultDeferredDecalMaterial.uasset" 77
"../../../Engine/Content/EngineMaterials/DefaultLightFunctionMaterial.uasset" 78
"../../../Engine/Content/Functions/Engine_MaterialFunctions02/Utility/BreakOutFloat2Components.uasset" 79
"../../../Engine/Content/EngineMaterials/DefaultPostProcessMaterial.uasset" 80
"../../../Engine/Content/EngineFonts/RobotoDistanceField.uasset" 81
"../../../Engine/Content/EngineMaterials/DefaultTextMaterialOpaque.uasset" 82
"../../../Engine/Content/EngineMaterials/DefaultWhiteGrid.uasset" 83
"../../../Engine/Content/EngineMaterials/EditorBrushMaterial.uasset" 84
"../../../Engine/Content/EngineMaterials/MiniFont.uasset" 85
"../../../Engine/Content/EngineMaterials/InvalidLightmapSettings.uasset" 86
"../../../Engine/Content/EngineMaterials/M_InvalidLightmapSettings.uasset" 87
"../../../Engine/Content/Functions/Engine_MaterialFunctions02/WorldPositionOffset/CameraOffset.uasset" 88
"../../../Engine/Content/EngineMaterials/PhAT_JointLimitMaterial.uasset" 89
"../../../Engine/Content/EngineMaterials/PreintegratedSkinBRDF.uasset" 90
"../../../Engine/Content/EngineMaterials/RemoveSurfaceMaterial.uasset" 91
"../../../Engine/Content/EngineMaterials/WeightMapPlaceholderTexture.uasset" 92
"../../../Engine/Content/EngineResources/WhiteSquareTexture.uasset" 93
"../../../Engine/Content/EngineMaterials/Widget3DPassThrough.uasset" 94
"../../../Engine/Content/EngineMaterials/Widget3DPassThrough_Masked.uasset" 95
"../../../Engine/Content/EngineMaterials/Widget3DPassThrough_Opaque.uasset" 96
"../../../Engine/Content/EngineMaterials/Widget3DPassThrough_Masked_OneSided.uasset" 97
"../../../Engine/Content/EngineMaterials/Widget3DPassThrough_Opaque_OneSided.uasset" 98
"../../../Engine/Content/EngineMaterials/Widget3DPassThrough_Translucent.uasset" 99
"../../../Engine/Content/EngineMaterials/Widget3DPassThrough_Translucent_OneSided.uasset" 100
"../../../Engine/Content/EngineMeshes/Cube.uasset" 101
"../../../Engine/Content/EngineMeshes/Cylinder.uasset" 102
"../../../Engine/Content/EngineMeshes/Sphere.uasset" 103
"../../../Engine/Content/EngineResources/Black.uasset" 104
"../../../Engine/Content/EngineResources/DefaultTexture.uasset" 105
"../../../Engine/Content/EngineResources/DefaultTextureCube.uasset" 106
"../../../Engine/Content/EngineResources/GradientTexture0.uasset" 107
"../../../Engine/Content/EngineSounds/Master.uasset" 108
"../../../Engine/Content/Functions/Engine_MaterialFunctions01/Shading/ConvertFromDiffSpec.uasset" 109
"../../../Engine/Content/Functions/Engine_MaterialFunctions01/Shading/PowerToRoughness.uasset" 110
"../../../Engine/Content/Maps/Templates/Thumbnails/Default.uasset" 111
"../../../Engine/Content/Maps/Templates/Thumbnails/VR-Basic.uasset" 112
"../../../Engine/Content/MobileResources/T_MobileControls_texture.uasset" 113
"../../../Engine/Content/MobileResources/T_MobileMenu2.uasset" 114
"../../../Engine/Content/MobileResources/HUD/AnalogHat.uasset" 115
"../../../Engine/Content/MobileResources/HUD/VirtualJoystick_Background.uasset" 116
"../../../Engine/Content/MobileResources/HUD/VirtualJoystick_Thumb.uasset" 117
"../../../Engine/Content/MobileResources/HUD/DefaultVirtualJoysticks.uasset" 118
"../../../Engine/Content/MobileResources/HUD/LeftVirtualJoystickOnly.uasset" 119
"../../../Engine/Content/MobileResources/HUD/MobileHUDButton1_off.uasset" 120
"../../../Engine/Content/MobileResources/HUD/MobileHUDButton1_on.uasset" 121
"../../../Engine/Content/MobileResources/HUD/MobileHUDButton2_off.uasset" 122
"../../../Engine/Content/MobileResources/HUD/MobileHUDButton2_on.uasset" 123
"../../../Engine/Content/MobileResources/HUD/MobileHUDButton3.uasset" 124
"../../../Engine/Content/MobileResources/HUD/MobileHUDButtonFire.uasset" 125
"../../../Engine/Content/MobileResources/HUD/MobileHUDDirectionPad.uasset" 126
"../../../Engine/Content/MobileResources/HUD/MobileHUDDirectionPad2.uasset" 127
"../../../Engine/Content/MobileResources/HUD/MobileHUDDirectionPad3.uasset" 128
"../../../Engine/Content/MobileResources/HUD/MobileHUDDirectionStick.uasset" 129
"../../../Engine/Content/MobileResources/HUD/T_Castle_ThumbstickInner.uasset" 130
"../../../Engine/Content/MobileResources/HUD/T_Castle_ThumbstickOutter.uasset" 131
"../../../Engine/Content/Tutorial/ContentIntroCurve.uasset" 132
"../../../Engine/Content/Tutorial/Basics/TutorialAssets/icon_tab_Levels_40x.uasset" 133
"../../../Engine/Content/Tutorial/BlueprintTutorials/TutorialAssets/BlueprintInterface_64x.uasset" 134
"../../../Engine/Content/Tutorial/BlueprintTutorials/TutorialAssets/BlueprintMacroLibrary_64x.uasset" 135
"../../../Engine/Content/Tutorial/BlueprintTutorials/TutorialAssets/Blueprint_64x.uasset" 136
"../../../Engine/Content/Tutorial/BlueprintTutorials/TutorialAssets/Tutorial_BP_Interface.uasset" 137
"../../../Engine/Content/Tutorial/Foliage/TutorialAssets/Foliage.uasset" 138
"../../../Engine/Content/Tutorial/Landscape/TutorialAssets/Landscape.uasset" 139
"../../../Engine/Content/Tutorial/Paper2D/TutorialAssets/Paper2DFlipbook_TutorialIcon.uasset" 140
"../../../Engine/Content/Tutorial/Paper2D/TutorialAssets/Paper2DSprite_TutorialIcon.uasset" 141
"../../../Engine/Content/Tutorial/SubEditors/TutorialAssets/icon_Editor_Preferences_General_40x.uasset" 142
"../../../Engine/Content/Tutorial/SubEditors/TutorialAssets/icon_ShowSkeletalMeshes_40x.uasset" 143
"../../../Engine/Content/Tutorial/SubEditors/TutorialAssets/TutorialMaterial.uasset" 144
"../../../Engine/Content/Tutorial/SubEditors/TutorialAssets/T_SmokeSubUV_8X8.uasset" 145
"../../../Engine/Content/Tutorial/SubEditors/TutorialAssets/T_soft_smoke.uasset" 146
"../../../Engine/Content/Tutorial/SubEditors/TutorialAssets/M_smoke_subUV_blackbody.uasset" 147
"../../../Engine/Content/Tutorial/SubEditors/TutorialAssets/TutorialParticleSystem.uasset" 148
"../../../Engine/Content/VREditor/Devices/Generic/GenericHMDMaterial.uasset" 149
"../../../Engine/Content/VREditor/Devices/Generic/GenericHMD.uasset" 150
"../../../Engine/Content/VREditor/FloatingText/LineMaterial.uasset" 151
"../../../Engine/Content/VREditor/FloatingText/JointSphere.uasset" 152
"../../../Engine/Content/VREditor/FloatingText/LineSegmentCylinder.uasset" 153
"../../../Engine/Content/VREditor/Fonts/VRText_RobotoLarge.uasset" 154
"../../../Engine/Content/VREditor/Fonts/VRTextMaterial.uasset" 155
"../../../Engine/Content/VREditor/Fonts/TranslucentVRTextMaterial.uasset" 156
"../../../Engine/Content/VREditor/LaserPointer/CursorPointer.uasset" 157
"../../../Engine/Content/VREditor/LaserPointer/VR_LaserPower_01.uasset" 158
"../../../Engine/Content/VREditor/TransformGizmo/TransformGizmoMaterial.uasset" 159
"../../../Engine/Content/VREditor/LaserPointer/HoverMaterial.uasset" 160
"../../../Engine/Content/VREditor/TransformGizmo/TranslucentTransformGizmoMaterial.uasset" 161
"../../../Engine/Content/VREditor/LaserPointer/TranslucentHoverMaterial.uasset" 162
"../../../Engine/Content/VREditor/LaserPointer/HoverMesh.uasset" 163
"../../../Engine/Content/VREditor/LaserPointer/LaserPointerMaterial.uasset" 164
"../../../Engine/Content/VREditor/LaserPointer/LaserPointerMaterialInst.uasset" 165
"../../../Engine/Content/VREditor/LaserPointer/TranslucentLaserPointerMaterialInst.uasset" 166
"../../../Engine/Content/VREditor/LaserPointer/LaserPointerMesh.uasset" 167
"../../../Engine/Content/VREditor/LaserPointer/LaserPointerMesh_End.uasset" 168
"../../../Engine/Content/VREditor/LaserPointer/LaserPointerMesh_Start.uasset" 169
"../../../Engine/Content/Functions/Engine_MaterialFunctions02/Utility/BreakOutFloat3Components.uasset" 170
"../../../Engine/Content/Functions/Engine_MaterialFunctions02/Math/Transform3x3Matrix.uasset" 171
"../../../Engine/Content/Functions/Engine_MaterialFunctions02/SplitComponents.uasset" 172
"../../../Engine/Content/Functions/Engine_MaterialFunctions02/Utility/MakeFloat3.uasset" 173
"../../../Engine/Content/VREditor/SnapGrid/SnapGridMaterial.uasset" 174
"../../../Engine/Content/VREditor/SnapGrid/SnapGridPlaneMesh.uasset" 175
"../../../Engine/Content/VREditor/Sounds/VR_teleport.uasset" 176
"../../../Engine/Content/VREditor/Sounds/UI/Click_on_Button_Cue.uasset" 177
"../../../Engine/Content/VREditor/Sounds/UI/Dockable_Window_Close.uasset" 178
"../../../Engine/Content/VREditor/Sounds/UI/Dockable_Window_Drop.uasset" 179
"../../../Engine/Content/VREditor/Sounds/UI/Dockable_Window_Open.uasset" 180
"../../../Engine/Content/VREditor/Sounds/UI/Dockable_Window_Pick_Up.uasset" 181
"../../../Engine/Content/VREditor/Sounds/UI/Drop_Item_From_ContentBrowser.uasset" 182
"../../../Engine/Content/VREditor/Sounds/UI/Floating_UI_Open-001.uasset" 183
"../../../Engine/Content/VREditor/Sounds/UI/Gizmo_Handle_Clicked.uasset" 184
"../../../Engine/Content/VREditor/Sounds/UI/Object_PickUp.uasset" 185
"../../../Engine/Content/VREditor/Sounds/UI/Object_Snaps_To_Another_Actor.uasset" 186
"../../../Engine/Content/VREditor/Sounds/UI/Object_Snaps_To_Grid.uasset" 187
"../../../Engine/Content/VREditor/Sounds/UI/Radial_Menu_FadeOut.uasset" 188
"../../../Engine/Content/VREditor/Sounds/UI/Scaling_Down.uasset" 189
"../../../Engine/Content/VREditor/Sounds/UI/Scaling_Up.uasset" 190
"../../../Engine/Content/VREditor/Sounds/UI/Selection_Changes.uasset" 191
"../../../Engine/Content/VREditor/Sounds/UI/Teleport_Mode_Entered.uasset" 192
"../../../Engine/Content/VREditor/Teleport/TeleportDirectionMaterial.uasset" 193
"../../../Engine/Content/VREditor/Teleport/TeleportDirectionMaterial_Inst.uasset" 194
"../../../Engine/Content/VREditor/Teleport/TeleportDirectionMesh.uasset" 195
"../../../Engine/Content/VREditor/TransformGizmo/BoundingBoxCorner.uasset" 196
"../../../Engine/Content/VREditor/TransformGizmo/BoundingBoxEdge.uasset" 197
"../../../Engine/Content/VREditor/TransformGizmo/PlaneTranslationHandle.uasset" 198
"../../../Engine/Content/VREditor/TransformGizmo/RotationHandleFull.uasset" 199
"../../../Engine/Content/VREditor/TransformGizmo/RotationHandleIndicator.uasset" 200
"../../../Engine/Content/VREditor/TransformGizmo/RotationHandleQuarter.uasset" 201
"../../../Engine/Content/VREditor/TransformGizmo/Main.uasset" 202
"../../../Engine/Content/VREditor/TransformGizmo/Xray.uasset" 203
"../../../Engine/Content/VREditor/TransformGizmo/SM_Dialog_Close.uasset" 204
"../../../Engine/Content/VREditor/TransformGizmo/SM_Dialog_Move.uasset" 205
"../../../Engine/Content/VREditor/TransformGizmo/SM_Sequencer_Key.uasset" 206
"../../../Engine/Content/VREditor/TransformGizmo/SM_Sequencer_Node.uasset" 207
"../../../Engine/Content/VREditor/TransformGizmo/StartRotationHandleIndicator.uasset" 208
"../../../Engine/Content/VREditor/TransformGizmo/TranslucentTransformGizmoMaterial_Inst.uasset" 209
"../../../Engine/Content/VREditor/TransformGizmo/TransformGizmoFreeRotation.uasset" 210
"../../../Engine/Content/VREditor/TransformGizmo/TransformGizmoMaterial_Inst.uasset" 211
"../../../Engine/Content/VREditor/TransformGizmo/TranslateArrowHandle.uasset" 212
"../../../Engine/Content/VREditor/TransformGizmo/UniformScaleHandle.uasset" 213
"../../../Engine/Content/VREditor/UI/KeyDiskMaterial.uasset" 214
"../../../Engine/Content/VREditor/UI/DiscMaterial.uasset" 215
"../../../Engine/Content/VREditor/UI/SM_Radial_Disk.uasset" 216
"../../../Engine/Content/Functions/Engine_MaterialFunctions01/Gradient/RadialGradient.uasset" 217
"../../../Engine/Content/VREditor/WorldMovementGrid/SimpleGrid.uasset" 218
"../../../Engine/Content/VREditor/WorldMovementGrid/GridMaterial.uasset" 219
"../../../Engine/Content/Functions/Engine_MaterialFunctions01/Density/ExponentialDensity.uasset" 220
"../../../Engine/Content/VREditor/WorldMovementGrid/GridPostProcess.uasset" 221
"../../../Engine/Content/EditorLandscapeResources/FlattenHeightMat.uasset" 222
"../../../Engine/Content/VREditor/WorldMovementGrid/PlaneMesh.uasset" 223
"../../../Engine/Plugins/2D/Paper2D/Content/PlaceholderTextures/DummySpriteTexture.uasset" 224
"../../../Engine/Plugins/2D/Paper2D/Content/DummySprite.uasset" 225
"../../../Engine/Plugins/2D/Paper2D/Content/DefaultPaperTerrainMaterial.uasset" 226
"../../../Engine/Plugins/2D/Paper2D/Content/DefaultSpriteMaterial.uasset" 227
"../../../Engine/Plugins/2D/Paper2D/Content/MaskedUnlitSpriteMaterial.uasset" 228
"../../../Engine/Plugins/2D/Paper2D/Content/OpaqueUnlitSpriteMaterial.uasset" 229
"../../../Engine/Plugins/Media/MediaCompositing/Content/DefaultMediaPlaneMaterial.uasset" 230
"../../../Engine/Content/Functions/Engine_MaterialFunctions02/Utility/MakeFloat4.uasset" 231
"../../../Engine/Plugins/Runtime/AppleARKit/Content/ARKitCameraMaterial.uasset" 232
"../../../Engine/Plugins/Runtime/Oculus/OculusVR/Content/Textures/GearVRController_AO.uasset" 233
"../../../Engine/Plugins/Runtime/Oculus/OculusVR/Content/Textures/GearVRController_Color.uasset" 234
"../../../Engine/Plugins/Runtime/Oculus/OculusVR/Content/Textures/GearVRController_Normal.uasset" 235
"../../../Engine/Plugins/Runtime/Oculus/OculusVR/Content/Materials/GearVRControllerMaterial.uasset" 236
"../../../Engine/Plugins/Runtime/Oculus/OculusVR/Content/Meshes/GearVrController.uasset" 237
"../../../IITRSEU/Content/MeshAndAnimations/Demon_Skeleton.uasset" 238
"../../../IITRSEU/Content/MeshAndAnimations/Demon_Anim_metarig_AlertToRunTransition.uasset" 239
"../../../IITRSEU/Content/MeshAndAnimations/Demon_Anim_metarig_ClawWallScrape.uasset" 240
"../../../IITRSEU/Content/MeshAndAnimations/Demon_Anim_metarig_FastRun.uasset" 241
"../../../IITRSEU/Content/MeshAndAnimations/Demon_Anim_metarig_GimpWalk.uasset" 242
"../../../IITRSEU/Content/MeshAndAnimations/Demon_Anim_metarig_SlashTopToBottom.uasset" 243
"../../../IITRSEU/Content/MeshAndAnimations/Demon_Anim_metarig_SlowWalk.uasset" 244
"../../../IITRSEU/Content/MeshAndAnimations/Demon_Anim_metarig_StaggeringWalk.uasset" 245
"../../../IITRSEU/Content/MeshAndAnimations/Demon_Anim_metarig_StrongWalk.uasset" 246
"../../../IITRSEU/Content/MeshAndAnimations/Demon_Anim_metarig_TwitchyWalk.uasset" 247
"../../../IITRSEU/Content/Assets/Sounds/Zombie/zombies01.uasset" 248
"../../../IITRSEU/Content/Assets/Sounds/Zombie/zombies01_Cue.uasset" 249
"../../../IITRSEU/Content/Assets/Sounds/Zombie/zombies03.uasset" 250
"../../../Engine/Content/Functions/Engine_MaterialFunctions01/Gradient/LinearGradient.uasset" 251
"../../../Engine/Content/Functions/Engine_MaterialFunctions01/ImageAdjustment/CheapContrast.uasset" 252
"../../../Engine/Content/Functions/Engine_MaterialFunctions01/Texturing/FlattenNormal.uasset" 253
"../../../IITRSEU/Content/SkinSSProfile.uasset" 254
"../../../IITRSEU/Content/Textures/BoneAndHornMask.uasset" 255
"../../../IITRSEU/Content/Textures/Low_Poly_baseTexBaked.uasset" 256
"../../../IITRSEU/Content/Textures/Low_Poly_normals.uasset" 257
"../../../IITRSEU/Content/Textures/SkinMaskBW.uasset" 258
"../../../IITRSEU/Content/MaterialsAndINSTs/DemanSkinMat.uasset" 259
"../../../IITRSEU/Content/MaterialsAndINSTs/DemanSkinMat_Inst.uasset" 260
"../../../IITRSEU/Content/Textures/Eyes_Texture_baseTexBaked.uasset" 261
"../../../IITRSEU/Content/Textures/Eyes_Texture_normals.uasset" 262
"../../../IITRSEU/Content/Textures/GlowingMonsterIrisMask.uasset" 263
"../../../IITRSEU/Content/MaterialsAndINSTs/EyesMats.uasset" 264
"../../../IITRSEU/Content/MaterialsAndINSTs/EyesMats_Inst.uasset" 265
"../../../Engine/Content/Functions/Engine_MaterialFunctions01/WorldPositionOffset/SimpleGrassWind.uasset" 266
"../../../Engine/Content/Functions/Engine_MaterialFunctions02/Texturing/CustomRotator.uasset" 267
"../../../Engine/Content/Functions/Engine_MaterialFunctions02/Texturing/ScreenAlignedPixelToPixelUVs.uasset" 268
"../../../Engine/Content/EngineMaterials/Good64x64TilingNoiseHighFreq.uasset" 269
"../../../Engine/Content/Functions/Engine_MaterialFunctions02/Utility/DitherTemporalAA.uasset" 270
"../../../IITRSEU/Content/Textures/5084OT_03_49.uasset" 271
"../../../IITRSEU/Content/Textures/BWGradient.uasset" 272
"../../../IITRSEU/Content/Textures/GreasyGoatLegHair.uasset" 273
"../../../IITRSEU/Content/Textures/HairWhite3.uasset" 274
"../../../IITRSEU/Content/MaterialsAndINSTs/HairMat.uasset" 275
"../../../IITRSEU/Content/Textures/Alpha_Mask-Human_Hair__1_-Curly.uasset" 276
"../../../IITRSEU/Content/MaterialsAndINSTs/HairMat_Inst.uasset" 277
"../../../IITRSEU/Content/MaterialsAndINSTs/HorseShoeMat.uasset" 278
"../../../IITRSEU/Content/MaterialsAndINSTs/HorseShoeMat_Inst.uasset" 279
"../../../IITRSEU/Content/Textures/T_Detail_Rocky_N.uasset" 280
"../../../IITRSEU/Content/Textures/TeethTexture_baseTexBaked.uasset" 281
"../../../IITRSEU/Content/MaterialsAndINSTs/TeethMat.uasset" 282
"../../../IITRSEU/Content/MaterialsAndINSTs/TeethMat_Inst.uasset" 283
"../../../IITRSEU/Content/MeshAndAnimations/Demon.uasset" 284
"../../../IITRSEU/Content/MeshAndAnimations/Demon_Physics.uasset" 285
"../../../IITRSEU/Content/StarterContent/Textures/T_Fire_SubUV.uasset" 286
"../../../IITRSEU/Content/StarterContent/Textures/T_Fire_Tiled_D.uasset" 287
"../../../IITRSEU/Content/StarterContent/Particles/Materials/M_Fire_SubUV.uasset" 288
"../../../IITRSEU/Content/StarterContent/Textures/T_Water_N.uasset" 289
"../../../IITRSEU/Content/StarterContent/Particles/Materials/M_Heat_Distortion.uasset" 290
"../../../IITRSEU/Content/StarterContent/Particles/Materials/M_Radial_Gradient.uasset" 291
"../../../IITRSEU/Content/StarterContent/Textures/T_Smoke_SubUV.uasset" 292
"../../../IITRSEU/Content/StarterContent/Textures/T_Smoke_Tiled_D.uasset" 293
"../../../IITRSEU/Content/StarterContent/Particles/Materials/M_smoke_subUV.uasset" 294
"../../../IITRSEU/Content/StarterContent/Particles/P_Fire.uasset" 295
"../../../IITRSEU/Content/Demon_Running_Blueprint.uasset" 296
"../../../IITRSEU/Content/Enemies/EnemySpawner.uasset" 297
"../../../Engine/Content/EditorBlueprintResources/StandardMacros.uasset" 298
"../../../Engine/Content/EngineSky/C_Sky_Cloud_Color.uasset" 299
"../../../Engine/Content/EngineSky/C_Sky_Horizon_Color.uasset" 300
"../../../Engine/Content/EngineSky/C_Sky_Zenith_Color.uasset" 301
"../../../Engine/Content/EngineSky/T_Sky_Blue.uasset" 302
"../../../Engine/Content/EngineSky/T_Sky_Clouds_M.uasset" 303
"../../../Engine/Content/EngineSky/T_Sky_Stars.uasset" 304
"../../../Engine/Content/EngineSky/M_Sky_Panning_Clouds2.uasset" 305
"../../../Engine/Content/EngineSky/SM_SkySphere.uasset" 306
"../../../Engine/Content/EngineSky/BP_Sky_Sphere.uasset" 307
"../../../IITRSEU/Content/MeshAndAnimations/Demon_Anim_metarig_DizzyIdle.uasset" 308
"../../../IITRSEU/Content/Demon_Blueprint.uasset" 309
"../../../IITRSEU/Content/Demon_Blueprint2.uasset" 310
"../../../IITRSEU/Content/Demon_Blueprint3.uasset" 311
"../../../IITRSEU/Content/Demon_Blueprint4.uasset" 312
"../../../IITRSEU/Content/Demon_Blueprint6runner.uasset" 313
"../../../IITRSEU/Content/FirstPerson/Textures/FirstPersonCrosshair.uasset" 314
"../../../IITRSEU/Content/FirstPersonBP/Blueprints/FirstPersonHUD.uasset" 315
"../../../IITRSEU/Content/FirstPersonBP/Blueprints/FirstPersonGameMode.uasset" 316
"../../../IITRSEU/Content/StarterContent/Textures/T_MacroVariation.uasset" 317
"../../../IITRSEU/Content/StarterContent/Textures/T_Metal_Aluminum_D.uasset" 318
"../../../IITRSEU/Content/StarterContent/Textures/T_Metal_Gold_N.uasset" 319
"../../../IITRSEU/Content/StarterContent/Materials/M_Metal_Burnished_Steel.uasset" 320
"../../../IITRSEU/Content/FirstPerson/Meshes/BaseMaterial.uasset" 321
"../../../IITRSEU/Content/FirstPerson/Meshes/FirstPersonProjectileMaterial.uasset" 322
"../../../IITRSEU/Content/FirstPerson/Meshes/FirstPersonProjectileMesh.uasset" 323
"../../../IITRSEU/Content/StarterContent/Audio/Explosion01.uasset" 324
"../../../IITRSEU/Content/StarterContent/Audio/Explosion02.uasset" 325
"../../../IITRSEU/Content/StarterContent/Audio/Explosion_Cue.uasset" 326
"../../../IITRSEU/Content/StarterContent/Textures/T_Burst_M.uasset" 327
"../../../IITRSEU/Content/StarterContent/Particles/Materials/M_Burst.uasset" 328
"../../../IITRSEU/Content/StarterContent/Textures/T_Explosion_SubUV.uasset" 329
"../../../IITRSEU/Content/StarterContent/Particles/Materials/M_explosion_subUV.uasset" 330
"../../../IITRSEU/Content/StarterContent/Particles/Materials/m_flare_01.uasset" 331
"../../../IITRSEU/Content/StarterContent/Particles/Materials/M_radial_ramp.uasset" 332
"../../../IITRSEU/Content/StarterContent/Particles/P_Explosion.uasset" 333
"../../../IITRSEU/Content/FirstPersonBP/Blueprints/FirstPersonProjectileSUPER.uasset" 334
"../../../IITRSEU/Content/Assets/Sounds/Real_Cannon_Sound_EffectCLIPPED.uasset" 335
"../../../Engine/Content/Functions/Engine_MaterialFunctions02/Utility/BlendAngleCorrectedNormals.uasset" 336
"../../../Engine/Content/Functions/MaterialLayerFunctions/MatLayerBlend_NormalBlend.uasset" 337
"../../../Engine/Content/Functions/MaterialLayerFunctions/MatLayerBlend_Simple.uasset" 338
"../../../IITRSEU/Content/FirstPerson/FPWeapon/Materials/MaterialLayers/T_ML_Rubber_Blue_01_D.uasset" 339
"../../../IITRSEU/Content/FirstPerson/FPWeapon/Materials/MaterialLayers/T_ML_Rubber_Blue_01_N.uasset" 340
"../../../IITRSEU/Content/FirstPerson/FPWeapon/Materials/MaterialLayers/ML_GlossyBlack_Latex_UE4.uasset" 341
"../../../IITRSEU/Content/FirstPerson/FPWeapon/Materials/MaterialLayers/ML_Plastic_Shiny_Beige.uasset" 342
"../../../IITRSEU/Content/FirstPerson/FPWeapon/Materials/MaterialLayers/ML_Screen.uasset" 343
"../../../IITRSEU/Content/FirstPerson/FPWeapon/Materials/MaterialLayers/T_ML_Aluminum01.uasset" 344
"../../../IITRSEU/Content/FirstPerson/FPWeapon/Materials/MaterialLayers/T_ML_Aluminum01_N.uasset" 345
"../../../IITRSEU/Content/FirstPerson/FPWeapon/Materials/MaterialLayers/ML_SoftMetal_UE4.uasset" 346
"../../../IITRSEU/Content/FirstPerson/FPWeapon/Textures/T_FPGun_M.uasset" 347
"../../../IITRSEU/Content/FirstPerson/FPWeapon/Textures/T_FPGun_N.uasset" 348
"../../../IITRSEU/Content/FirstPerson/FPWeapon/Materials/M_FPGun.uasset" 349
"../../../IITRSEU/Content/FirstPerson/FPWeapon/Mesh/SK_FPGun_Skeleton.uasset" 350
"../../../IITRSEU/Content/FirstPerson/FPWeapon/Mesh/SK_FPGun.uasset" 351
"../../../IITRSEU/Content/VRPawn.uasset" 352
"../../../IITRSEU/Content/FirstPersonBP/Maps/LevelMainBuilding_BuiltData.uasset" 353
"../../../IITRSEU/Content/Assets/Materials/ClockInsideMat.uasset" 354
"../../../IITRSEU/Content/Assets/Materials/ClockMat.uasset" 355
"../../../IITRSEU/Content/Assets/Materials/Invisible.uasset" 356
"../../../IITRSEU/Content/Assets/Models/MainBuilding/0041-green-grass-texture-seamless.uasset" 357
"../../../IITRSEU/Content/StarterContent/Textures/T_Ground_Grass_N.uasset" 358
"../../../IITRSEU/Content/Assets/Models/MainBuilding/M_MainBuilding_Grass.uasset" 359
"../../../IITRSEU/Content/StarterContent/Textures/T_Ground_Grass_D.uasset" 360
"../../../IITRSEU/Content/StarterContent/Textures/T_Perlin_Noise_M.uasset" 361
"../../../IITRSEU/Content/StarterContent/Materials/M_Ground_Grass.uasset" 362
"../../../IITRSEU/Content/StarterContent/Textures/T_ground_Moss_D.uasset" 363
"../../../IITRSEU/Content/StarterContent/Textures/T_Ground_Moss_N.uasset" 364
"../../../IITRSEU/Content/StarterContent/Materials/M_Ground_Moss.uasset" 365
"../../../IITRSEU/Content/StarterContent/Textures/T_Rock_Basalt_D.uasset" 366
"../../../IITRSEU/Content/StarterContent/Textures/T_Rock_Basalt_N.uasset" 367
"../../../IITRSEU/Content/StarterContent/Materials/M_Rock_Basalt.uasset" 368
"../../../Engine/Content/EngineMaterials/DefaultPhysicalMaterial.uasset" 369
"../../../IITRSEU/Content/Assets/Materials/dirtmask.uasset" 370
"../../../Engine/Content/EditorMaterials/Cascade/CASC_Cross.uasset" 371
"../../../Engine/Content/EditorMaterials/Cascade/CASC_None.uasset" 372
"../../../Engine/Content/Functions/Engine_MaterialFunctions03/Blends/Blend_Overlay.uasset" 373
"../../../IITRSEU/Content/StarterContent/Textures/T_Brick_Cut_Stone_N.uasset" 374
"../../../IITRSEU/Content/StarterContent/Textures/T_Brick_Hewn_Stone_D.uasset" 375
"../../../IITRSEU/Content/Assets/Models/MainBuilding/M_MainBuilding_Walls.uasset" 376
"../../../IITRSEU/Content/Assets/Models/MainBuilding/iitr.uasset" 377
"../../../IITRSEU/Content/Assets/Models/Plant/plant_plant1Mat.uasset" 378
"../../../IITRSEU/Content/Assets/Models/Plant/plant_pot_Cap_1Mat.uasset" 379
"../../../IITRSEU/Content/Assets/Models/Plant/plant_pot_Cap_2Mat.uasset" 380
"../../../IITRSEU/Content/Assets/Models/Plant/plant_potMat.uasset" 381
"../../../IITRSEU/Content/Assets/Models/Plant/plant.uasset" 382
"../../../IITRSEU/Content/Assets/Models/PlantSidewalks/1Newplan_1Bract.uasset" 383
"../../../IITRSEU/Content/Assets/Models/PlantSidewalks/1Newplan_1Bud.uasset" 384
"../../../IITRSEU/Content/Assets/Models/PlantSidewalks/1Newplan_1Pdcel.uasset" 385
"../../../IITRSEU/Content/Assets/Models/PlantSidewalks/1Newplan_1Pdncle.uasset" 386
"../../../IITRSEU/Content/Assets/Models/PlantSidewalks/1Newplan_2Bud.uasset" 387
"../../../IITRSEU/Content/Assets/Models/PlantSidewalks/1Newplan_2Flmnt.uasset" 388
"../../../IITRSEU/Content/Assets/Models/PlantSidewalks/1Newplan_2Pdcel.uasset" 389
"../../../IITRSEU/Content/Assets/Models/PlantSidewalks/1Newplan_2Pdncle.uasset" 390
"../../../IITRSEU/Content/Assets/Models/PlantSidewalks/1Newplan_2Petal1.uasset" 391
"../../../IITRSEU/Content/Assets/Models/PlantSidewalks/1Newplan_2Sepal.uasset" 392
"../../../IITRSEU/Content/Assets/Models/PlantSidewalks/1Newplan_FruitU.uasset" 393
"../../../IITRSEU/Content/Assets/Models/PlantSidewalks/1Newplan_Intrnd.uasset" 394
"../../../IITRSEU/Content/Assets/Models/PlantSidewalks/1Newplan_Leaf.uasset" 395
"../../../IITRSEU/Content/Assets/Models/PlantSidewalks/1Newplan_Mrstm.uasset" 396
"../../../IITRSEU/Content/Assets/Models/PlantSidewalks/1Newplan_Petiole.uasset" 397
"../../../IITRSEU/Content/Assets/Models/PlantSidewalks/1Newplan_Root.uasset" 398
"../../../IITRSEU/Content/Assets/Models/PlantSidewalks/Material.uasset" 399
"../../../IITRSEU/Content/Assets/Models/PlantSidewalks/plant.uasset" 400
"../../../IITRSEU/Content/Assets/Models/Tree/leaf009.uasset" 401
"../../../IITRSEU/Content/Assets/Models/Tree/leaf009b.uasset" 402
"../../../IITRSEU/Content/Assets/Models/Tree/wire_087225198.uasset" 403
"../../../IITRSEU/Content/StarterContent/Textures/T_Wood_Oak_D.uasset" 404
"../../../IITRSEU/Content/Assets/Models/Tree/wire_108008136.uasset" 405
"../../../IITRSEU/Content/Assets/Models/Tree/tree.uasset" 406
"../../../IITRSEU/Content/Assets/Models/Tree2/Bark-2.uasset" 407
"../../../IITRSEU/Content/Assets/Models/Tree2/sub01Mat.uasset" 408
"../../../IITRSEU/Content/Assets/Models/Tree2/Leaf10_D.uasset" 409
"../../../IITRSEU/Content/Assets/Models/Tree2/sub02Mat.uasset" 410
"../../../IITRSEU/Content/Assets/Models/Tree2/Tree_N310816.uasset" 411
"../../../IITRSEU/Content/Assets/Sounds/32__War_02_Storm_-_Damjan_Mravunac__Serious_Sam_III_Soundtrack.uasset" 412
"../../../IITRSEU/Content/Assets/Sounds/32__War_02_Storm_-_Damjan_Mravunac__Serious_Sam_III_Soundtrack_Cue.uasset" 413
"../../../IITRSEU/Content/Assets/Fonts/Courtrai.uasset" 414
"../../../IITRSEU/Content/Assets/Fonts/BuildingNameFont.uasset" 415
"../../../IITRSEU/Content/Assets/Widgets/BuildingName.uasset" 416
"../../../IITRSEU/Content/Meshes/InvisibleWall.uasset" 417
"../../../IITRSEU/Content/StarterContent/Textures/T_Frame_M.uasset" 418
"../../../IITRSEU/Content/StarterContent/Textures/T_Frame_N.uasset" 419
"../../../IITRSEU/Content/StarterContent/Props/Materials/M_Frame.uasset" 420
"../../../IITRSEU/Content/StarterContent/Props/SM_PillarFrame.uasset" 421
"../../../IITRSEU/Content/FirstPersonBP/Maps/LevelMainBuilding.umap" 422
"../../../Engine/Content/Maps/Entry.umap" 423
